<?xml version="1.0" encoding="UTF-8"?>
<testsuite xmlns:xsi="http://www.w3.org/2001/XMLSchema-instance" xsi:noNamespaceSchemaLocation="https://maven.apache.org/surefire/maven-surefire-plugin/xsd/surefire-test-report.xsd" name="com.jorian.demo.helloword.HelloWordApplicationTests" time="9.419" tests="1" errors="0" skipped="0" failures="0">
  <properties>
    <property name="sun.desktop" value="windows"/>
    <property name="awt.toolkit" value="sun.awt.windows.WToolkit"/>
    <property name="file.encoding.pkg" value="sun.io"/>
    <property name="java.specification.version" value="1.8"/>
    <property name="sun.cpu.isalist" value="amd64"/>
    <property name="sun.jnu.encoding" value="Cp1252"/>
    <property name="java.class.path" value="c:\workspaces\workspace-demo\hello-word\target\test-classes;c:\workspaces\workspace-demo\hello-word\target\classes;c:\maven-repo\org\springframework\boot\spring-boot-starter-freemarker\2.2.1.RELEASE\spring-boot-starter-freemarker-2.2.1.RELEASE.jar;c:\maven-repo\org\springframework\boot\spring-boot-starter\2.2.1.RELEASE\spring-boot-starter-2.2.1.RELEASE.jar;c:\maven-repo\org\springframework\boot\spring-boot-starter-logging\2.2.1.RELEASE\spring-boot-starter-logging-2.2.1.RELEASE.jar;c:\maven-repo\ch\qos\logback\logback-classic\1.2.3\logback-classic-1.2.3.jar;c:\maven-repo\ch\qos\logback\logback-core\1.2.3\logback-core-1.2.3.jar;c:\maven-repo\org\apache\logging\log4j\log4j-to-slf4j\2.12.1\log4j-to-slf4j-2.12.1.jar;c:\maven-repo\org\apache\logging\log4j\log4j-api\2.12.1\log4j-api-2.12.1.jar;c:\maven-repo\org\slf4j\jul-to-slf4j\1.7.29\jul-to-slf4j-1.7.29.jar;c:\maven-repo\jakarta\annotation\jakarta.annotation-api\1.3.5\jakarta.annotation-api-1.3.5.jar;c:\maven-repo\org\yaml\snakeyaml\1.25\snakeyaml-1.25.jar;c:\maven-repo\org\freemarker\freemarker\2.3.29\freemarker-2.3.29.jar;c:\maven-repo\org\springframework\spring-context-support\5.2.1.RELEASE\spring-context-support-5.2.1.RELEASE.jar;c:\maven-repo\org\springframework\spring-beans\5.2.1.RELEASE\spring-beans-5.2.1.RELEASE.jar;c:\maven-repo\org\springframework\spring-context\5.2.1.RELEASE\spring-context-5.2.1.RELEASE.jar;c:\maven-repo\org\springframework\boot\spring-boot-starter-web\2.2.1.RELEASE\spring-boot-starter-web-2.2.1.RELEASE.jar;c:\maven-repo\org\springframework\boot\spring-boot-starter-json\2.2.1.RELEASE\spring-boot-starter-json-2.2.1.RELEASE.jar;c:\maven-repo\com\fasterxml\jackson\core\jackson-databind\2.10.0\jackson-databind-2.10.0.jar;c:\maven-repo\com\fasterxml\jackson\core\jackson-annotations\2.10.0\jackson-annotations-2.10.0.jar;c:\maven-repo\com\fasterxml\jackson\core\jackson-core\2.10.0\jackson-core-2.10.0.jar;c:\maven-repo\com\fasterxml\jackson\datatype\jackson-datatype-jdk8\2.10.0\jackson-datatype-jdk8-2.10.0.jar;c:\maven-repo\com\fasterxml\jackson\datatype\jackson-datatype-jsr310\2.10.0\jackson-datatype-jsr310-2.10.0.jar;c:\maven-repo\com\fasterxml\jackson\module\jackson-module-parameter-names\2.10.0\jackson-module-parameter-names-2.10.0.jar;c:\maven-repo\org\springframework\boot\spring-boot-starter-tomcat\2.2.1.RELEASE\spring-boot-starter-tomcat-2.2.1.RELEASE.jar;c:\maven-repo\org\apache\tomcat\embed\tomcat-embed-core\9.0.27\tomcat-embed-core-9.0.27.jar;c:\maven-repo\org\apache\tomcat\embed\tomcat-embed-el\9.0.27\tomcat-embed-el-9.0.27.jar;c:\maven-repo\org\apache\tomcat\embed\tomcat-embed-websocket\9.0.27\tomcat-embed-websocket-9.0.27.jar;c:\maven-repo\org\springframework\boot\spring-boot-starter-validation\2.2.1.RELEASE\spring-boot-starter-validation-2.2.1.RELEASE.jar;c:\maven-repo\jakarta\validation\jakarta.validation-api\2.0.1\jakarta.validation-api-2.0.1.jar;c:\maven-repo\org\hibernate\validator\hibernate-validator\6.0.18.Final\hibernate-validator-6.0.18.Final.jar;c:\maven-repo\org\jboss\logging\jboss-logging\3.4.1.Final\jboss-logging-3.4.1.Final.jar;c:\maven-repo\com\fasterxml\classmate\1.5.1\classmate-1.5.1.jar;c:\maven-repo\org\springframework\spring-web\5.2.1.RELEASE\spring-web-5.2.1.RELEASE.jar;c:\maven-repo\org\springframework\spring-webmvc\5.2.1.RELEASE\spring-webmvc-5.2.1.RELEASE.jar;c:\maven-repo\org\springframework\spring-aop\5.2.1.RELEASE\spring-aop-5.2.1.RELEASE.jar;c:\maven-repo\org\springframework\spring-expression\5.2.1.RELEASE\spring-expression-5.2.1.RELEASE.jar;c:\maven-repo\org\springframework\boot\spring-boot-devtools\2.2.1.RELEASE\spring-boot-devtools-2.2.1.RELEASE.jar;c:\maven-repo\org\springframework\boot\spring-boot\2.2.1.RELEASE\spring-boot-2.2.1.RELEASE.jar;c:\maven-repo\org\springframework\boot\spring-boot-autoconfigure\2.2.1.RELEASE\spring-boot-autoconfigure-2.2.1.RELEASE.jar;c:\maven-repo\org\projectlombok\lombok\1.18.10\lombok-1.18.10.jar;c:\maven-repo\org\springframework\boot\spring-boot-starter-test\2.2.1.RELEASE\spring-boot-starter-test-2.2.1.RELEASE.jar;c:\maven-repo\org\springframework\boot\spring-boot-test\2.2.1.RELEASE\spring-boot-test-2.2.1.RELEASE.jar;c:\maven-repo\org\springframework\boot\spring-boot-test-autoconfigure\2.2.1.RELEASE\spring-boot-test-autoconfigure-2.2.1.RELEASE.jar;c:\maven-repo\com\jayway\jsonpath\json-path\2.4.0\json-path-2.4.0.jar;c:\maven-repo\net\minidev\json-smart\2.3\json-smart-2.3.jar;c:\maven-repo\net\minidev\accessors-smart\1.2\accessors-smart-1.2.jar;c:\maven-repo\org\ow2\asm\asm\5.0.4\asm-5.0.4.jar;c:\maven-repo\org\slf4j\slf4j-api\1.7.29\slf4j-api-1.7.29.jar;c:\maven-repo\jakarta\xml\bind\jakarta.xml.bind-api\2.3.2\jakarta.xml.bind-api-2.3.2.jar;c:\maven-repo\jakarta\activation\jakarta.activation-api\1.2.1\jakarta.activation-api-1.2.1.jar;c:\maven-repo\org\junit\jupiter\junit-jupiter\5.5.2\junit-jupiter-5.5.2.jar;c:\maven-repo\org\junit\jupiter\junit-jupiter-api\5.5.2\junit-jupiter-api-5.5.2.jar;c:\maven-repo\org\apiguardian\apiguardian-api\1.1.0\apiguardian-api-1.1.0.jar;c:\maven-repo\org\opentest4j\opentest4j\1.2.0\opentest4j-1.2.0.jar;c:\maven-repo\org\junit\platform\junit-platform-commons\1.5.2\junit-platform-commons-1.5.2.jar;c:\maven-repo\org\junit\jupiter\junit-jupiter-params\5.5.2\junit-jupiter-params-5.5.2.jar;c:\maven-repo\org\junit\jupiter\junit-jupiter-engine\5.5.2\junit-jupiter-engine-5.5.2.jar;c:\maven-repo\org\junit\platform\junit-platform-engine\1.5.2\junit-platform-engine-1.5.2.jar;c:\maven-repo\org\mockito\mockito-junit-jupiter\3.1.0\mockito-junit-jupiter-3.1.0.jar;c:\maven-repo\org\assertj\assertj-core\3.13.2\assertj-core-3.13.2.jar;c:\maven-repo\org\hamcrest\hamcrest\2.1\hamcrest-2.1.jar;c:\maven-repo\org\mockito\mockito-core\3.1.0\mockito-core-3.1.0.jar;c:\maven-repo\net\bytebuddy\byte-buddy\1.10.2\byte-buddy-1.10.2.jar;c:\maven-repo\net\bytebuddy\byte-buddy-agent\1.10.2\byte-buddy-agent-1.10.2.jar;c:\maven-repo\org\objenesis\objenesis\2.6\objenesis-2.6.jar;c:\maven-repo\org\skyscreamer\jsonassert\1.5.0\jsonassert-1.5.0.jar;c:\maven-repo\com\vaadin\external\google\android-json\0.0.20131108.vaadin1\android-json-0.0.20131108.vaadin1.jar;c:\maven-repo\org\springframework\spring-core\5.2.1.RELEASE\spring-core-5.2.1.RELEASE.jar;c:\maven-repo\org\springframework\spring-jcl\5.2.1.RELEASE\spring-jcl-5.2.1.RELEASE.jar;c:\maven-repo\org\springframework\spring-test\5.2.1.RELEASE\spring-test-5.2.1.RELEASE.jar;c:\maven-repo\org\xmlunit\xmlunit-core\2.6.3\xmlunit-core-2.6.3.jar;"/>
    <property name="java.vm.vendor" value=""/>
    <property name="sun.arch.data.model" value="64"/>
    <property name="user.variant" value=""/>
    <property name="java.vendor.url" value="http://java.oracle.com/"/>
    <property name="user.timezone" value="Asia/Shanghai"/>
    <property name="java.vm.specification.version" value="1.8"/>
    <property name="os.name" value="Windows 10"/>
    <property name="user.country" value="US"/>
    <property name="sun.java.launcher" value="SUN_STANDARD"/>
    <property name="sun.boot.library.path" value="C:\devtools\jdk\OpenJDK\jdk8\jre\bin"/>
    <property name="sun.java.command" value="C:\Users\p1330615\AppData\Local\Temp\surefire3262635215493992899\surefirebooter308222551553797603.jar C:\Users\p1330615\AppData\Local\Temp\surefire3262635215493992899 2020-08-13T15-09-48_639-jvmRun1 surefire845259908161923789tmp surefire_06073387562105883663tmp"/>
    <property name="surefire.test.class.path" value="c:\workspaces\workspace-demo\hello-word\target\test-classes;c:\workspaces\workspace-demo\hello-word\target\classes;c:\maven-repo\org\springframework\boot\spring-boot-starter-freemarker\2.2.1.RELEASE\spring-boot-starter-freemarker-2.2.1.RELEASE.jar;c:\maven-repo\org\springframework\boot\spring-boot-starter\2.2.1.RELEASE\spring-boot-starter-2.2.1.RELEASE.jar;c:\maven-repo\org\springframework\boot\spring-boot-starter-logging\2.2.1.RELEASE\spring-boot-starter-logging-2.2.1.RELEASE.jar;c:\maven-repo\ch\qos\logback\logback-classic\1.2.3\logback-classic-1.2.3.jar;c:\maven-repo\ch\qos\logback\logback-core\1.2.3\logback-core-1.2.3.jar;c:\maven-repo\org\apache\logging\log4j\log4j-to-slf4j\2.12.1\log4j-to-slf4j-2.12.1.jar;c:\maven-repo\org\apache\logging\log4j\log4j-api\2.12.1\log4j-api-2.12.1.jar;c:\maven-repo\org\slf4j\jul-to-slf4j\1.7.29\jul-to-slf4j-1.7.29.jar;c:\maven-repo\jakarta\annotation\jakarta.annotation-api\1.3.5\jakarta.annotation-api-1.3.5.jar;c:\maven-repo\org\yaml\snakeyaml\1.25\snakeyaml-1.25.jar;c:\maven-repo\org\freemarker\freemarker\2.3.29\freemarker-2.3.29.jar;c:\maven-repo\org\springframework\spring-context-support\5.2.1.RELEASE\spring-context-support-5.2.1.RELEASE.jar;c:\maven-repo\org\springframework\spring-beans\5.2.1.RELEASE\spring-beans-5.2.1.RELEASE.jar;c:\maven-repo\org\springframework\spring-context\5.2.1.RELEASE\spring-context-5.2.1.RELEASE.jar;c:\maven-repo\org\springframework\boot\spring-boot-starter-web\2.2.1.RELEASE\spring-boot-starter-web-2.2.1.RELEASE.jar;c:\maven-repo\org\springframework\boot\spring-boot-starter-json\2.2.1.RELEASE\spring-boot-starter-json-2.2.1.RELEASE.jar;c:\maven-repo\com\fasterxml\jackson\core\jackson-databind\2.10.0\jackson-databind-2.10.0.jar;c:\maven-repo\com\fasterxml\jackson\core\jackson-annotations\2.10.0\jackson-annotations-2.10.0.jar;c:\maven-repo\com\fasterxml\jackson\core\jackson-core\2.10.0\jackson-core-2.10.0.jar;c:\maven-repo\com\fasterxml\jackson\datatype\jackson-datatype-jdk8\2.10.0\jackson-datatype-jdk8-2.10.0.jar;c:\maven-repo\com\fasterxml\jackson\datatype\jackson-datatype-jsr310\2.10.0\jackson-datatype-jsr310-2.10.0.jar;c:\maven-repo\com\fasterxml\jackson\module\jackson-module-parameter-names\2.10.0\jackson-module-parameter-names-2.10.0.jar;c:\maven-repo\org\springframework\boot\spring-boot-starter-tomcat\2.2.1.RELEASE\spring-boot-starter-tomcat-2.2.1.RELEASE.jar;c:\maven-repo\org\apache\tomcat\embed\tomcat-embed-core\9.0.27\tomcat-embed-core-9.0.27.jar;c:\maven-repo\org\apache\tomcat\embed\tomcat-embed-el\9.0.27\tomcat-embed-el-9.0.27.jar;c:\maven-repo\org\apache\tomcat\embed\tomcat-embed-websocket\9.0.27\tomcat-embed-websocket-9.0.27.jar;c:\maven-repo\org\springframework\boot\spring-boot-starter-validation\2.2.1.RELEASE\spring-boot-starter-validation-2.2.1.RELEASE.jar;c:\maven-repo\jakarta\validation\jakarta.validation-api\2.0.1\jakarta.validation-api-2.0.1.jar;c:\maven-repo\org\hibernate\validator\hibernate-validator\6.0.18.Final\hibernate-validator-6.0.18.Final.jar;c:\maven-repo\org\jboss\logging\jboss-logging\3.4.1.Final\jboss-logging-3.4.1.Final.jar;c:\maven-repo\com\fasterxml\classmate\1.5.1\classmate-1.5.1.jar;c:\maven-repo\org\springframework\spring-web\5.2.1.RELEASE\spring-web-5.2.1.RELEASE.jar;c:\maven-repo\org\springframework\spring-webmvc\5.2.1.RELEASE\spring-webmvc-5.2.1.RELEASE.jar;c:\maven-repo\org\springframework\spring-aop\5.2.1.RELEASE\spring-aop-5.2.1.RELEASE.jar;c:\maven-repo\org\springframework\spring-expression\5.2.1.RELEASE\spring-expression-5.2.1.RELEASE.jar;c:\maven-repo\org\springframework\boot\spring-boot-devtools\2.2.1.RELEASE\spring-boot-devtools-2.2.1.RELEASE.jar;c:\maven-repo\org\springframework\boot\spring-boot\2.2.1.RELEASE\spring-boot-2.2.1.RELEASE.jar;c:\maven-repo\org\springframework\boot\spring-boot-autoconfigure\2.2.1.RELEASE\spring-boot-autoconfigure-2.2.1.RELEASE.jar;c:\maven-repo\org\projectlombok\lombok\1.18.10\lombok-1.18.10.jar;c:\maven-repo\org\springframework\boot\spring-boot-starter-test\2.2.1.RELEASE\spring-boot-starter-test-2.2.1.RELEASE.jar;c:\maven-repo\org\springframework\boot\spring-boot-test\2.2.1.RELEASE\spring-boot-test-2.2.1.RELEASE.jar;c:\maven-repo\org\springframework\boot\spring-boot-test-autoconfigure\2.2.1.RELEASE\spring-boot-test-autoconfigure-2.2.1.RELEASE.jar;c:\maven-repo\com\jayway\jsonpath\json-path\2.4.0\json-path-2.4.0.jar;c:\maven-repo\net\minidev\json-smart\2.3\json-smart-2.3.jar;c:\maven-repo\net\minidev\accessors-smart\1.2\accessors-smart-1.2.jar;c:\maven-repo\org\ow2\asm\asm\5.0.4\asm-5.0.4.jar;c:\maven-repo\org\slf4j\slf4j-api\1.7.29\slf4j-api-1.7.29.jar;c:\maven-repo\jakarta\xml\bind\jakarta.xml.bind-api\2.3.2\jakarta.xml.bind-api-2.3.2.jar;c:\maven-repo\jakarta\activation\jakarta.activation-api\1.2.1\jakarta.activation-api-1.2.1.jar;c:\maven-repo\org\junit\jupiter\junit-jupiter\5.5.2\junit-jupiter-5.5.2.jar;c:\maven-repo\org\junit\jupiter\junit-jupiter-api\5.5.2\junit-jupiter-api-5.5.2.jar;c:\maven-repo\org\apiguardian\apiguardian-api\1.1.0\apiguardian-api-1.1.0.jar;c:\maven-repo\org\opentest4j\opentest4j\1.2.0\opentest4j-1.2.0.jar;c:\maven-repo\org\junit\platform\junit-platform-commons\1.5.2\junit-platform-commons-1.5.2.jar;c:\maven-repo\org\junit\jupiter\junit-jupiter-params\5.5.2\junit-jupiter-params-5.5.2.jar;c:\maven-repo\org\junit\jupiter\junit-jupiter-engine\5.5.2\junit-jupiter-engine-5.5.2.jar;c:\maven-repo\org\junit\platform\junit-platform-engine\1.5.2\junit-platform-engine-1.5.2.jar;c:\maven-repo\org\mockito\mockito-junit-jupiter\3.1.0\mockito-junit-jupiter-3.1.0.jar;c:\maven-repo\org\assertj\assertj-core\3.13.2\assertj-core-3.13.2.jar;c:\maven-repo\org\hamcrest\hamcrest\2.1\hamcrest-2.1.jar;c:\maven-repo\org\mockito\mockito-core\3.1.0\mockito-core-3.1.0.jar;c:\maven-repo\net\bytebuddy\byte-buddy\1.10.2\byte-buddy-1.10.2.jar;c:\maven-repo\net\bytebuddy\byte-buddy-agent\1.10.2\byte-buddy-agent-1.10.2.jar;c:\maven-repo\org\objenesis\objenesis\2.6\objenesis-2.6.jar;c:\maven-repo\org\skyscreamer\jsonassert\1.5.0\jsonassert-1.5.0.jar;c:\maven-repo\com\vaadin\external\google\android-json\0.0.20131108.vaadin1\android-json-0.0.20131108.vaadin1.jar;c:\maven-repo\org\springframework\spring-core\5.2.1.RELEASE\spring-core-5.2.1.RELEASE.jar;c:\maven-repo\org\springframework\spring-jcl\5.2.1.RELEASE\spring-jcl-5.2.1.RELEASE.jar;c:\maven-repo\org\springframework\spring-test\5.2.1.RELEASE\spring-test-5.2.1.RELEASE.jar;c:\maven-repo\org\xmlunit\xmlunit-core\2.6.3\xmlunit-core-2.6.3.jar;"/>
    <property name="sun.cpu.endian" value="little"/>
    <property name="user.home" value="C:\Users\p1330615"/>
    <property name="user.language" value="en"/>
    <property name="java.specification.vendor" value="Oracle Corporation"/>
    <property name="java.home" value="C:\devtools\jdk\OpenJDK\jdk8\jre"/>
    <property name="basedir" value="c:\workspaces\workspace-demo\hello-word"/>
    <property name="file.separator" value="\"/>
    <property name="line.separator" value="&#10;"/>
    <property name="java.vm.specification.vendor" value="Oracle Corporation"/>
    <property name="java.specification.name" value="Java Platform API Specification"/>
    <property name="java.awt.graphicsenv" value="sun.awt.Win32GraphicsEnvironment"/>
    <property name="surefire.real.class.path" value="C:\Users\p1330615\AppData\Local\Temp\surefire3262635215493992899\surefirebooter308222551553797603.jar"/>
    <property name="sun.boot.class.path" value="C:\devtools\jdk\OpenJDK\jdk8\jre\lib\resources.jar;C:\devtools\jdk\OpenJDK\jdk8\jre\lib\rt.jar;C:\devtools\jdk\OpenJDK\jdk8\jre\lib\sunrsasign.jar;C:\devtools\jdk\OpenJDK\jdk8\jre\lib\jsse.jar;C:\devtools\jdk\OpenJDK\jdk8\jre\lib\jce.jar;C:\devtools\jdk\OpenJDK\jdk8\jre\lib\charsets.jar;C:\devtools\jdk\OpenJDK\jdk8\jre\lib\jfr.jar;C:\devtools\jdk\OpenJDK\jdk8\jre\classes"/>
    <property name="user.script" value=""/>
    <property name="sun.management.compiler" value="HotSpot 64-Bit Tiered Compilers"/>
    <property name="java.runtime.version" value="1.8.0_212-1-ojdkbuild-b04"/>
    <property name="user.name" value="P1330615"/>
    <property name="path.separator" value=";"/>
    <property name="os.version" value="10.0"/>
    <property name="java.endorsed.dirs" value="C:\devtools\jdk\OpenJDK\jdk8\jre\lib\endorsed"/>
    <property name="java.runtime.name" value="OpenJDK Runtime Environment"/>
    <property name="file.encoding" value="Cp1252"/>
    <property name="java.vm.name" value="OpenJDK 64-Bit Server VM"/>
    <property name="localRepository" value="c:\maven-repo"/>
    <property name="java.vendor.url.bug" value="http://bugreport.sun.com/bugreport/"/>
    <property name="java.io.tmpdir" value="C:\Users\p1330615\AppData\Local\Temp\"/>
    <property name="java.version" value="1.8.0_212-1-ojdkbuild"/>
    <property name="user.dir" value="c:\workspaces\workspace-demo\hello-word"/>
    <property name="os.arch" value="amd64"/>
    <property name="java.vm.specification.name" value="Java Virtual Machine Specification"/>
    <property name="java.awt.printerjob" value="sun.awt.windows.WPrinterJob"/>
    <property name="sun.os.patch.level" value=""/>
    <property name="java.library.path" value="C:\devtools\jdk\OpenJDK\jdk8\jre\bin;C:\Windows\Sun\Java\bin;C:\Windows\system32;C:\Windows;C:\Program Files (x86)\Common Files\Oracle\Java\javapath;C:\Windows\system32;C:\Windows;C:\Windows\System32\Wbem;C:\Windows\System32\WindowsPowerShell\v1.0\;C:\Windows\System32\OpenSSH\;C:\Users\cdadmin2\AppData\Local\Microsoft\WindowsApps;C:\windows\Scoop\shims;C:\Program Files\Git\cmd;C:\Program Files\TortoiseGit\bin;C:\Program Files\nodejs\;C:\Program Files\TortoiseSVN\bin;C:\Program Files (x86)\Microsoft SQL Server\150\DTS\Binn\;C:\Users\p1330615\AppData\Local\Programs\Python\Python38\Scripts\;C:\Users\p1330615\AppData\Local\Programs\Python\Python38\;C:\Users\p1330615\AppData\Local\Microsoft\WindowsApps;C:\devtools\jdk\OpenJDK\jdk8\bin;C:\devtools\jdk\OpenJDK\jdk8\jre\bin;C:\shortcut;C:\devtools\nodejs\nodejs\node-v12;C:\Users\p1330615\AppData\Roaming\npm;C:\devtools\maven\apache-maven-3.6.3\bin;C:\install\Microsoft VS Code\bin;C:\Users\p1330615\Downloads\????\?????????\hadoop-2.10.0;;."/>
    <property name="java.vm.info" value="mixed mode"/>
    <property name="java.vendor" value="Oracle Corporation"/>
    <property name="java.vm.version" value="25.212-b04"/>
    <property name="java.ext.dirs" value="C:\devtools\jdk\OpenJDK\jdk8\jre\lib\ext;C:\Windows\Sun\Java\lib\ext"/>
    <property name="sun.io.unicode.encoding" value="UnicodeLittle"/>
    <property name="java.class.version" value="52.0"/>
  </properties>
  <testcase name="contextLoads" classname="com.jorian.demo.helloword.HelloWordApplicationTests" time="0.001"/>
</testsuite>